2016-07-10 14:51:04,691 [main] ERROR stencyl.sw.Session - File 'plaf\version.txt' does not exist
java.io.FileNotFoundException: File 'plaf\version.txt' does not exist
	at org.apache.commons.io.FileUtils.openInputStream(FileUtils.java:299)
	at org.apache.commons.io.FileUtils.readFileToString(FileUtils.java:1711)
	at org.apache.commons.io.FileUtils.readFileToString(FileUtils.java:1748)
	at stencyl.sw.Session.instance(Session.java:372)
	at stencyl.sw.util.Locations.getLanguageRoot(Locations.java:615)
	at stencyl.sw.loc.LanguagePack.<init>(LanguagePack.java:116)
	at stencyl.sw.loc.LanguagePack.get(LanguagePack.java:83)
	at stencyl.sw.SW.<clinit>(SW.java:146)
	at stencyl.sw.Launcher.main(Launcher.java:95)
2016-07-10 14:51:04,730 [main] ERROR stencyl.sw.Session - File 'plaf\builddate.txt' does not exist
java.io.FileNotFoundException: File 'plaf\builddate.txt' does not exist
	at org.apache.commons.io.FileUtils.openInputStream(FileUtils.java:299)
	at org.apache.commons.io.FileUtils.readFileToString(FileUtils.java:1711)
	at org.apache.commons.io.FileUtils.readFileToString(FileUtils.java:1748)
	at stencyl.sw.Session.instance(Session.java:383)
	at stencyl.sw.util.Locations.getLanguageRoot(Locations.java:615)
	at stencyl.sw.loc.LanguagePack.<init>(LanguagePack.java:116)
	at stencyl.sw.loc.LanguagePack.get(LanguagePack.java:83)
	at stencyl.sw.SW.<clinit>(SW.java:146)
	at stencyl.sw.Launcher.main(Launcher.java:95)
2016-07-10 14:51:05,020 [main] ERROR stencyl.sw.loc.LanguagePack - Missing language file: lang\en\global-phrases.lang
2016-07-10 14:51:05,022 [main] ERROR stencyl.sw.loc.LanguagePack - Missing language file: lang\en\global-errors.lang
2016-07-10 14:51:05,023 [main] ERROR stencyl.sw.loc.LanguagePack - Missing language file: lang\en\global-menu.lang
2016-07-10 14:51:05,026 [main] ERROR stencyl.sw.loc.LanguagePack - Missing language file: lang\en\global-welcome.lang
2016-07-10 14:51:05,027 [main] ERROR stencyl.sw.loc.LanguagePack - Missing language file: lang\en\global-dashboard.lang
2016-07-10 14:51:05,028 [main] ERROR stencyl.sw.loc.LanguagePack - Missing language file: lang\en\global-publish.lang
2016-07-10 14:51:05,029 [main] ERROR stencyl.sw.loc.LanguagePack - Missing language file: lang\en\global-updater.lang
2016-07-10 14:51:05,030 [main] ERROR stencyl.sw.loc.LanguagePack - Missing language file: lang\en\global-chat.lang
2016-07-10 14:51:05,031 [main] ERROR stencyl.sw.loc.LanguagePack - Missing language file: lang\en\global-misc.lang
2016-07-10 14:51:05,032 [main] ERROR stencyl.sw.loc.LanguagePack - Missing language file: lang\en\global-forge.lang
2016-07-10 14:51:05,033 [main] ERROR stencyl.sw.loc.LanguagePack - Missing language file: lang\en\global-prefs.lang
2016-07-10 14:51:05,034 [main] ERROR stencyl.sw.loc.LanguagePack - Missing language file: lang\en\global-creategame.lang
2016-07-10 14:51:05,035 [main] ERROR stencyl.sw.loc.LanguagePack - Missing language file: lang\en\behavior-main.lang
2016-07-10 14:51:05,036 [main] ERROR stencyl.sw.loc.LanguagePack - Missing language file: lang\en\behavior-blocks.lang
2016-07-10 14:51:05,037 [main] ERROR stencyl.sw.loc.LanguagePack - Missing language file: lang\en\behavior-blockhelp.lang
2016-07-10 14:51:05,038 [main] ERROR stencyl.sw.loc.LanguagePack - Missing language file: lang\en\behavior-events.lang
2016-07-10 14:51:05,039 [main] ERROR stencyl.sw.loc.LanguagePack - Missing language file: lang\en\behavior-code.lang
2016-07-10 14:51:05,040 [main] ERROR stencyl.sw.loc.LanguagePack - Missing language file: lang\en\behavior-attributes.lang
2016-07-10 14:51:05,041 [main] ERROR stencyl.sw.loc.LanguagePack - Missing language file: lang\en\behavior-create.lang
2016-07-10 14:51:05,042 [main] ERROR stencyl.sw.loc.LanguagePack - Missing language file: lang\en\behavior-byob.lang
2016-07-10 14:51:05,043 [main] ERROR stencyl.sw.loc.LanguagePack - Missing language file: lang\en\editor-actor-main.lang
2016-07-10 14:51:05,043 [main] ERROR stencyl.sw.loc.LanguagePack - Missing language file: lang\en\editor-actor-physics.lang
2016-07-10 14:51:05,044 [main] ERROR stencyl.sw.loc.LanguagePack - Missing language file: lang\en\editor-background.lang
2016-07-10 14:51:05,045 [main] ERROR stencyl.sw.loc.LanguagePack - Missing language file: lang\en\editor-behaviorchooser.lang
2016-07-10 14:51:05,046 [main] ERROR stencyl.sw.loc.LanguagePack - Missing language file: lang\en\editor-desktop.lang
2016-07-10 14:51:05,048 [main] ERROR stencyl.sw.loc.LanguagePack - Missing language file: lang\en\editor-font.lang
2016-07-10 14:51:05,048 [main] ERROR stencyl.sw.loc.LanguagePack - Missing language file: lang\en\editor-sound.lang
2016-07-10 14:51:05,049 [main] ERROR stencyl.sw.loc.LanguagePack - Missing language file: lang\en\editor-tileset.lang
2016-07-10 14:51:05,050 [main] ERROR stencyl.sw.loc.LanguagePack - Missing language file: lang\en\editor-preloader.lang
2016-07-10 14:51:05,051 [main] ERROR stencyl.sw.loc.LanguagePack - Missing language file: lang\en\editor-mobile.lang
2016-07-10 14:51:05,052 [main] ERROR stencyl.sw.loc.LanguagePack - Missing language file: lang\en\editor-groups.lang
2016-07-10 14:51:05,053 [main] ERROR stencyl.sw.loc.LanguagePack - Missing language file: lang\en\editor-attributes.lang
2016-07-10 14:51:05,054 [main] ERROR stencyl.sw.loc.LanguagePack - Missing language file: lang\en\editor-input.lang
2016-07-10 14:51:05,056 [main] ERROR stencyl.sw.loc.LanguagePack - Missing language file: lang\en\editor-animation.lang
2016-07-10 14:51:05,057 [main] ERROR stencyl.sw.loc.LanguagePack - Missing language file: lang\en\editor-scene-main.lang
2016-07-10 14:51:05,058 [main] ERROR stencyl.sw.loc.LanguagePack - Missing language file: lang\en\editor-scene-create.lang
2016-07-10 14:51:05,059 [main] ERROR stencyl.sw.loc.LanguagePack - Missing language file: lang\en\editor-scene-tools.lang
2016-07-10 14:51:05,060 [main] ERROR stencyl.sw.loc.LanguagePack - Missing language file: lang\en\global-phrases.lang
2016-07-10 14:51:05,061 [main] ERROR stencyl.sw.loc.LanguagePack - Missing language file: lang\en\global-errors.lang
2016-07-10 14:51:05,062 [main] ERROR stencyl.sw.loc.LanguagePack - Missing language file: lang\en\global-menu.lang
2016-07-10 14:51:05,063 [main] ERROR stencyl.sw.loc.LanguagePack - Missing language file: lang\en\global-welcome.lang
2016-07-10 14:51:05,064 [main] ERROR stencyl.sw.loc.LanguagePack - Missing language file: lang\en\global-dashboard.lang
2016-07-10 14:51:05,065 [main] ERROR stencyl.sw.loc.LanguagePack - Missing language file: lang\en\global-publish.lang
2016-07-10 14:51:05,066 [main] ERROR stencyl.sw.loc.LanguagePack - Missing language file: lang\en\global-updater.lang
2016-07-10 14:51:05,068 [main] ERROR stencyl.sw.loc.LanguagePack - Missing language file: lang\en\global-chat.lang
2016-07-10 14:51:05,069 [main] ERROR stencyl.sw.loc.LanguagePack - Missing language file: lang\en\global-misc.lang
2016-07-10 14:51:05,069 [main] ERROR stencyl.sw.loc.LanguagePack - Missing language file: lang\en\global-forge.lang
2016-07-10 14:51:05,071 [main] ERROR stencyl.sw.loc.LanguagePack - Missing language file: lang\en\global-prefs.lang
2016-07-10 14:51:05,072 [main] ERROR stencyl.sw.loc.LanguagePack - Missing language file: lang\en\global-creategame.lang
2016-07-10 14:51:05,073 [main] ERROR stencyl.sw.loc.LanguagePack - Missing language file: lang\en\behavior-main.lang
2016-07-10 14:51:05,074 [main] ERROR stencyl.sw.loc.LanguagePack - Missing language file: lang\en\behavior-blocks.lang
2016-07-10 14:51:05,075 [main] ERROR stencyl.sw.loc.LanguagePack - Missing language file: lang\en\behavior-blockhelp.lang
2016-07-10 14:51:05,076 [main] ERROR stencyl.sw.loc.LanguagePack - Missing language file: lang\en\behavior-events.lang
2016-07-10 14:51:05,077 [main] ERROR stencyl.sw.loc.LanguagePack - Missing language file: lang\en\behavior-code.lang
2016-07-10 14:51:05,078 [main] ERROR stencyl.sw.loc.LanguagePack - Missing language file: lang\en\behavior-attributes.lang
2016-07-10 14:51:05,079 [main] ERROR stencyl.sw.loc.LanguagePack - Missing language file: lang\en\behavior-create.lang
2016-07-10 14:51:05,080 [main] ERROR stencyl.sw.loc.LanguagePack - Missing language file: lang\en\behavior-byob.lang
2016-07-10 14:51:05,081 [main] ERROR stencyl.sw.loc.LanguagePack - Missing language file: lang\en\editor-actor-main.lang
2016-07-10 14:51:05,082 [main] ERROR stencyl.sw.loc.LanguagePack - Missing language file: lang\en\editor-actor-physics.lang
2016-07-10 14:51:05,083 [main] ERROR stencyl.sw.loc.LanguagePack - Missing language file: lang\en\editor-background.lang
2016-07-10 14:51:05,084 [main] ERROR stencyl.sw.loc.LanguagePack - Missing language file: lang\en\editor-behaviorchooser.lang
2016-07-10 14:51:05,085 [main] ERROR stencyl.sw.loc.LanguagePack - Missing language file: lang\en\editor-desktop.lang
2016-07-10 14:51:05,086 [main] ERROR stencyl.sw.loc.LanguagePack - Missing language file: lang\en\editor-font.lang
2016-07-10 14:51:05,087 [main] ERROR stencyl.sw.loc.LanguagePack - Missing language file: lang\en\editor-sound.lang
2016-07-10 14:51:05,088 [main] ERROR stencyl.sw.loc.LanguagePack - Missing language file: lang\en\editor-tileset.lang
2016-07-10 14:51:05,089 [main] ERROR stencyl.sw.loc.LanguagePack - Missing language file: lang\en\editor-preloader.lang
2016-07-10 14:51:05,090 [main] ERROR stencyl.sw.loc.LanguagePack - Missing language file: lang\en\editor-mobile.lang
2016-07-10 14:51:05,091 [main] ERROR stencyl.sw.loc.LanguagePack - Missing language file: lang\en\editor-groups.lang
2016-07-10 14:51:05,092 [main] ERROR stencyl.sw.loc.LanguagePack - Missing language file: lang\en\editor-attributes.lang
2016-07-10 14:51:05,093 [main] ERROR stencyl.sw.loc.LanguagePack - Missing language file: lang\en\editor-input.lang
2016-07-10 14:51:05,094 [main] ERROR stencyl.sw.loc.LanguagePack - Missing language file: lang\en\editor-animation.lang
2016-07-10 14:51:05,095 [main] ERROR stencyl.sw.loc.LanguagePack - Missing language file: lang\en\editor-scene-main.lang
2016-07-10 14:51:05,096 [main] ERROR stencyl.sw.loc.LanguagePack - Missing language file: lang\en\editor-scene-create.lang
2016-07-10 14:51:05,097 [main] ERROR stencyl.sw.loc.LanguagePack - Missing language file: lang\en\editor-scene-tools.lang
2016-07-10 14:51:05,406 [AWT-EventQueue-0] ERROR stencyl.sw.SW - Could not parse build number: Unknown
2016-07-10 14:51:06,520 [AWT-EventQueue-0] ERROR root - Unexpected problem on thread AWT-EventQueue-0: null
java.lang.NullPointerException
	at stencyl.sw.ext.ExtensionDependencyManager.load(ExtensionDependencyManager.java:43)
	at stencyl.sw.SW.initExtensions(SW.java:817)
	at stencyl.sw.SW.showWindow(SW.java:686)
	at stencyl.sw.SW.access$100(SW.java:138)
	at stencyl.sw.SW$1.run(SW.java:233)
	at java.awt.event.InvocationEvent.dispatch(InvocationEvent.java:311)
	at java.awt.EventQueue.dispatchEventImpl(EventQueue.java:756)
	at java.awt.EventQueue.access$500(EventQueue.java:97)
	at java.awt.EventQueue$3.run(EventQueue.java:709)
	at java.awt.EventQueue$3.run(EventQueue.java:703)
	at java.security.AccessController.doPrivileged(Native Method)
	at java.security.ProtectionDomain$JavaSecurityAccessImpl.doIntersectionPrivilege(ProtectionDomain.java:76)
	at java.awt.EventQueue.dispatchEvent(EventQueue.java:726)
	at java.awt.EventDispatchThread.pumpOneEventForFilters(EventDispatchThread.java:201)
	at java.awt.EventDispatchThread.pumpEventsForFilter(EventDispatchThread.java:116)
	at java.awt.EventDispatchThread.pumpEventsForHierarchy(EventDispatchThread.java:105)
	at java.awt.EventDispatchThread.pumpEvents(EventDispatchThread.java:101)
	at java.awt.EventDispatchThread.pumpEvents(EventDispatchThread.java:93)
	at java.awt.EventDispatchThread.run(EventDispatchThread.java:82)
2017-06-13 15:30:09,385 [main] ERROR stencyl.sw.Session - File 'plaf\version.txt' does not exist
java.io.FileNotFoundException: File 'plaf\version.txt' does not exist
	at org.apache.commons.io.FileUtils.openInputStream(FileUtils.java:299)
	at org.apache.commons.io.FileUtils.readFileToString(FileUtils.java:1711)
	at org.apache.commons.io.FileUtils.readFileToString(FileUtils.java:1748)
	at stencyl.sw.Session.initVersionNumbers(Session.java:436)
	at stencyl.sw.Session.init(Session.java:342)
	at stencyl.sw.Session.instance(Session.java:223)
	at stencyl.sw.util.Locations.getLanguageRoot(Locations.java:616)
	at stencyl.sw.loc.LanguagePack.<init>(LanguagePack.java:116)
	at stencyl.sw.loc.LanguagePack.get(LanguagePack.java:83)
	at stencyl.sw.SW.<clinit>(SW.java:153)
	at stencyl.sw.Launcher.main(Launcher.java:95)
2017-06-13 15:30:09,411 [main] ERROR stencyl.sw.Session - File 'plaf\builddate.txt' does not exist
java.io.FileNotFoundException: File 'plaf\builddate.txt' does not exist
	at org.apache.commons.io.FileUtils.openInputStream(FileUtils.java:299)
	at org.apache.commons.io.FileUtils.readFileToString(FileUtils.java:1711)
	at org.apache.commons.io.FileUtils.readFileToString(FileUtils.java:1748)
	at stencyl.sw.Session.initVersionNumbers(Session.java:447)
	at stencyl.sw.Session.init(Session.java:342)
	at stencyl.sw.Session.instance(Session.java:223)
	at stencyl.sw.util.Locations.getLanguageRoot(Locations.java:616)
	at stencyl.sw.loc.LanguagePack.<init>(LanguagePack.java:116)
	at stencyl.sw.loc.LanguagePack.get(LanguagePack.java:83)
	at stencyl.sw.SW.<clinit>(SW.java:153)
	at stencyl.sw.Launcher.main(Launcher.java:95)
2017-06-13 15:30:09,505 [main] ERROR stencyl.sw.loc.LanguagePack - Missing language file: lang\en\global-phrases.lang
2017-06-13 15:30:09,506 [main] ERROR stencyl.sw.loc.LanguagePack - Missing language file: lang\en\global-errors.lang
2017-06-13 15:30:09,506 [main] ERROR stencyl.sw.loc.LanguagePack - Missing language file: lang\en\global-menu.lang
2017-06-13 15:30:09,506 [main] ERROR stencyl.sw.loc.LanguagePack - Missing language file: lang\en\global-welcome.lang
2017-06-13 15:30:09,507 [main] ERROR stencyl.sw.loc.LanguagePack - Missing language file: lang\en\global-dashboard.lang
2017-06-13 15:30:09,507 [main] ERROR stencyl.sw.loc.LanguagePack - Missing language file: lang\en\global-publish.lang
2017-06-13 15:30:09,507 [main] ERROR stencyl.sw.loc.LanguagePack - Missing language file: lang\en\global-updater.lang
2017-06-13 15:30:09,507 [main] ERROR stencyl.sw.loc.LanguagePack - Missing language file: lang\en\global-chat.lang
2017-06-13 15:30:09,508 [main] ERROR stencyl.sw.loc.LanguagePack - Missing language file: lang\en\global-misc.lang
2017-06-13 15:30:09,508 [main] ERROR stencyl.sw.loc.LanguagePack - Missing language file: lang\en\global-forge.lang
2017-06-13 15:30:09,508 [main] ERROR stencyl.sw.loc.LanguagePack - Missing language file: lang\en\global-prefs.lang
2017-06-13 15:30:09,508 [main] ERROR stencyl.sw.loc.LanguagePack - Missing language file: lang\en\global-creategame.lang
2017-06-13 15:30:09,508 [main] ERROR stencyl.sw.loc.LanguagePack - Missing language file: lang\en\behavior-main.lang
2017-06-13 15:30:09,509 [main] ERROR stencyl.sw.loc.LanguagePack - Missing language file: lang\en\behavior-blocks.lang
2017-06-13 15:30:09,509 [main] ERROR stencyl.sw.loc.LanguagePack - Missing language file: lang\en\behavior-blockhelp.lang
2017-06-13 15:30:09,509 [main] ERROR stencyl.sw.loc.LanguagePack - Missing language file: lang\en\behavior-events.lang
2017-06-13 15:30:09,509 [main] ERROR stencyl.sw.loc.LanguagePack - Missing language file: lang\en\behavior-code.lang
2017-06-13 15:30:09,510 [main] ERROR stencyl.sw.loc.LanguagePack - Missing language file: lang\en\behavior-attributes.lang
2017-06-13 15:30:09,510 [main] ERROR stencyl.sw.loc.LanguagePack - Missing language file: lang\en\behavior-create.lang
2017-06-13 15:30:09,510 [main] ERROR stencyl.sw.loc.LanguagePack - Missing language file: lang\en\behavior-byob.lang
2017-06-13 15:30:09,510 [main] ERROR stencyl.sw.loc.LanguagePack - Missing language file: lang\en\editor-actor-main.lang
2017-06-13 15:30:09,511 [main] ERROR stencyl.sw.loc.LanguagePack - Missing language file: lang\en\editor-actor-physics.lang
2017-06-13 15:30:09,511 [main] ERROR stencyl.sw.loc.LanguagePack - Missing language file: lang\en\editor-background.lang
2017-06-13 15:30:09,511 [main] ERROR stencyl.sw.loc.LanguagePack - Missing language file: lang\en\editor-behaviorchooser.lang
2017-06-13 15:30:09,511 [main] ERROR stencyl.sw.loc.LanguagePack - Missing language file: lang\en\editor-desktop.lang
2017-06-13 15:30:09,512 [main] ERROR stencyl.sw.loc.LanguagePack - Missing language file: lang\en\editor-font.lang
2017-06-13 15:30:09,512 [main] ERROR stencyl.sw.loc.LanguagePack - Missing language file: lang\en\editor-sound.lang
2017-06-13 15:30:09,512 [main] ERROR stencyl.sw.loc.LanguagePack - Missing language file: lang\en\editor-tileset.lang
2017-06-13 15:30:09,512 [main] ERROR stencyl.sw.loc.LanguagePack - Missing language file: lang\en\editor-preloader.lang
2017-06-13 15:30:09,512 [main] ERROR stencyl.sw.loc.LanguagePack - Missing language file: lang\en\editor-mobile.lang
2017-06-13 15:30:09,513 [main] ERROR stencyl.sw.loc.LanguagePack - Missing language file: lang\en\editor-groups.lang
2017-06-13 15:30:09,513 [main] ERROR stencyl.sw.loc.LanguagePack - Missing language file: lang\en\editor-attributes.lang
2017-06-13 15:30:09,513 [main] ERROR stencyl.sw.loc.LanguagePack - Missing language file: lang\en\editor-input.lang
2017-06-13 15:30:09,513 [main] ERROR stencyl.sw.loc.LanguagePack - Missing language file: lang\en\editor-animation.lang
2017-06-13 15:30:09,514 [main] ERROR stencyl.sw.loc.LanguagePack - Missing language file: lang\en\editor-scene-main.lang
2017-06-13 15:30:09,514 [main] ERROR stencyl.sw.loc.LanguagePack - Missing language file: lang\en\editor-scene-create.lang
2017-06-13 15:30:09,514 [main] ERROR stencyl.sw.loc.LanguagePack - Missing language file: lang\en\editor-scene-tools.lang
2017-06-13 15:30:09,515 [main] ERROR stencyl.sw.loc.LanguagePack - Missing language file: lang\en\global-phrases.lang
2017-06-13 15:30:09,515 [main] ERROR stencyl.sw.loc.LanguagePack - Missing language file: lang\en\global-errors.lang
2017-06-13 15:30:09,515 [main] ERROR stencyl.sw.loc.LanguagePack - Missing language file: lang\en\global-menu.lang
2017-06-13 15:30:09,515 [main] ERROR stencyl.sw.loc.LanguagePack - Missing language file: lang\en\global-welcome.lang
2017-06-13 15:30:09,516 [main] ERROR stencyl.sw.loc.LanguagePack - Missing language file: lang\en\global-dashboard.lang
2017-06-13 15:30:09,516 [main] ERROR stencyl.sw.loc.LanguagePack - Missing language file: lang\en\global-publish.lang
2017-06-13 15:30:09,516 [main] ERROR stencyl.sw.loc.LanguagePack - Missing language file: lang\en\global-updater.lang
2017-06-13 15:30:09,516 [main] ERROR stencyl.sw.loc.LanguagePack - Missing language file: lang\en\global-chat.lang
2017-06-13 15:30:09,516 [main] ERROR stencyl.sw.loc.LanguagePack - Missing language file: lang\en\global-misc.lang
2017-06-13 15:30:09,517 [main] ERROR stencyl.sw.loc.LanguagePack - Missing language file: lang\en\global-forge.lang
2017-06-13 15:30:09,517 [main] ERROR stencyl.sw.loc.LanguagePack - Missing language file: lang\en\global-prefs.lang
2017-06-13 15:30:09,517 [main] ERROR stencyl.sw.loc.LanguagePack - Missing language file: lang\en\global-creategame.lang
2017-06-13 15:30:09,517 [main] ERROR stencyl.sw.loc.LanguagePack - Missing language file: lang\en\behavior-main.lang
2017-06-13 15:30:09,518 [main] ERROR stencyl.sw.loc.LanguagePack - Missing language file: lang\en\behavior-blocks.lang
2017-06-13 15:30:09,518 [main] ERROR stencyl.sw.loc.LanguagePack - Missing language file: lang\en\behavior-blockhelp.lang
2017-06-13 15:30:09,518 [main] ERROR stencyl.sw.loc.LanguagePack - Missing language file: lang\en\behavior-events.lang
2017-06-13 15:30:09,518 [main] ERROR stencyl.sw.loc.LanguagePack - Missing language file: lang\en\behavior-code.lang
2017-06-13 15:30:09,519 [main] ERROR stencyl.sw.loc.LanguagePack - Missing language file: lang\en\behavior-attributes.lang
2017-06-13 15:30:09,519 [main] ERROR stencyl.sw.loc.LanguagePack - Missing language file: lang\en\behavior-create.lang
2017-06-13 15:30:09,519 [main] ERROR stencyl.sw.loc.LanguagePack - Missing language file: lang\en\behavior-byob.lang
2017-06-13 15:30:09,519 [main] ERROR stencyl.sw.loc.LanguagePack - Missing language file: lang\en\editor-actor-main.lang
2017-06-13 15:30:09,519 [main] ERROR stencyl.sw.loc.LanguagePack - Missing language file: lang\en\editor-actor-physics.lang
2017-06-13 15:30:09,520 [main] ERROR stencyl.sw.loc.LanguagePack - Missing language file: lang\en\editor-background.lang
2017-06-13 15:30:09,520 [main] ERROR stencyl.sw.loc.LanguagePack - Missing language file: lang\en\editor-behaviorchooser.lang
2017-06-13 15:30:09,520 [main] ERROR stencyl.sw.loc.LanguagePack - Missing language file: lang\en\editor-desktop.lang
2017-06-13 15:30:09,520 [main] ERROR stencyl.sw.loc.LanguagePack - Missing language file: lang\en\editor-font.lang
2017-06-13 15:30:09,520 [main] ERROR stencyl.sw.loc.LanguagePack - Missing language file: lang\en\editor-sound.lang
2017-06-13 15:30:09,521 [main] ERROR stencyl.sw.loc.LanguagePack - Missing language file: lang\en\editor-tileset.lang
2017-06-13 15:30:09,521 [main] ERROR stencyl.sw.loc.LanguagePack - Missing language file: lang\en\editor-preloader.lang
2017-06-13 15:30:09,521 [main] ERROR stencyl.sw.loc.LanguagePack - Missing language file: lang\en\editor-mobile.lang
2017-06-13 15:30:09,522 [main] ERROR stencyl.sw.loc.LanguagePack - Missing language file: lang\en\editor-groups.lang
2017-06-13 15:30:09,522 [main] ERROR stencyl.sw.loc.LanguagePack - Missing language file: lang\en\editor-attributes.lang
2017-06-13 15:30:09,522 [main] ERROR stencyl.sw.loc.LanguagePack - Missing language file: lang\en\editor-input.lang
2017-06-13 15:30:09,522 [main] ERROR stencyl.sw.loc.LanguagePack - Missing language file: lang\en\editor-animation.lang
2017-06-13 15:30:09,522 [main] ERROR stencyl.sw.loc.LanguagePack - Missing language file: lang\en\editor-scene-main.lang
2017-06-13 15:30:09,523 [main] ERROR stencyl.sw.loc.LanguagePack - Missing language file: lang\en\editor-scene-create.lang
2017-06-13 15:30:09,523 [main] ERROR stencyl.sw.loc.LanguagePack - Missing language file: lang\en\editor-scene-tools.lang
2017-06-13 15:30:09,777 [AWT-EventQueue-0] ERROR stencyl.sw.SW - Could not parse build number: Unknown
2017-06-13 15:30:10,541 [AWT-EventQueue-0] ERROR root - Unexpected problem on thread AWT-EventQueue-0: null
java.lang.NullPointerException
	at stencyl.sw.ext.ExtensionDependencyManager.load(ExtensionDependencyManager.java:43)
	at stencyl.sw.SW.initExtensions(SW.java:827)
	at stencyl.sw.SW.showWindow(SW.java:696)
	at stencyl.sw.SW.access$100(SW.java:145)
	at stencyl.sw.SW$1.run(SW.java:242)
	at java.awt.event.InvocationEvent.dispatch(InvocationEvent.java:311)
	at java.awt.EventQueue.dispatchEventImpl(EventQueue.java:756)
	at java.awt.EventQueue.access$500(EventQueue.java:97)
	at java.awt.EventQueue$3.run(EventQueue.java:709)
	at java.awt.EventQueue$3.run(EventQueue.java:703)
	at java.security.AccessController.doPrivileged(Native Method)
	at java.security.ProtectionDomain$JavaSecurityAccessImpl.doIntersectionPrivilege(ProtectionDomain.java:76)
	at java.awt.EventQueue.dispatchEvent(EventQueue.java:726)
	at java.awt.EventDispatchThread.pumpOneEventForFilters(EventDispatchThread.java:201)
	at java.awt.EventDispatchThread.pumpEventsForFilter(EventDispatchThread.java:116)
	at java.awt.EventDispatchThread.pumpEventsForHierarchy(EventDispatchThread.java:105)
	at java.awt.EventDispatchThread.pumpEvents(EventDispatchThread.java:101)
	at java.awt.EventDispatchThread.pumpEvents(EventDispatchThread.java:93)
	at java.awt.EventDispatchThread.run(EventDispatchThread.java:82)
2017-06-13 15:56:06,462 [main] ERROR stencyl.sw.Session - File 'plaf\version.txt' does not exist
java.io.FileNotFoundException: File 'plaf\version.txt' does not exist
	at org.apache.commons.io.FileUtils.openInputStream(FileUtils.java:299)
	at org.apache.commons.io.FileUtils.readFileToString(FileUtils.java:1711)
	at org.apache.commons.io.FileUtils.readFileToString(FileUtils.java:1748)
	at stencyl.sw.Session.initVersionNumbers(Session.java:436)
	at stencyl.sw.Session.init(Session.java:342)
	at stencyl.sw.Session.instance(Session.java:223)
	at stencyl.sw.util.Locations.getLanguageRoot(Locations.java:616)
	at stencyl.sw.loc.LanguagePack.<init>(LanguagePack.java:116)
	at stencyl.sw.loc.LanguagePack.get(LanguagePack.java:83)
	at stencyl.sw.SW.<clinit>(SW.java:153)
	at stencyl.sw.Launcher.main(Launcher.java:95)
2017-06-13 15:56:06,462 [main] ERROR stencyl.sw.Session - File 'plaf\builddate.txt' does not exist
java.io.FileNotFoundException: File 'plaf\builddate.txt' does not exist
	at org.apache.commons.io.FileUtils.openInputStream(FileUtils.java:299)
	at org.apache.commons.io.FileUtils.readFileToString(FileUtils.java:1711)
	at org.apache.commons.io.FileUtils.readFileToString(FileUtils.java:1748)
	at stencyl.sw.Session.initVersionNumbers(Session.java:447)
	at stencyl.sw.Session.init(Session.java:342)
	at stencyl.sw.Session.instance(Session.java:223)
	at stencyl.sw.util.Locations.getLanguageRoot(Locations.java:616)
	at stencyl.sw.loc.LanguagePack.<init>(LanguagePack.java:116)
	at stencyl.sw.loc.LanguagePack.get(LanguagePack.java:83)
	at stencyl.sw.SW.<clinit>(SW.java:153)
	at stencyl.sw.Launcher.main(Launcher.java:95)
2017-06-13 15:56:06,493 [main] ERROR stencyl.sw.loc.LanguagePack - Missing language file: lang\en\global-phrases.lang
2017-06-13 15:56:06,493 [main] ERROR stencyl.sw.loc.LanguagePack - Missing language file: lang\en\global-errors.lang
2017-06-13 15:56:06,493 [main] ERROR stencyl.sw.loc.LanguagePack - Missing language file: lang\en\global-menu.lang
2017-06-13 15:56:06,493 [main] ERROR stencyl.sw.loc.LanguagePack - Missing language file: lang\en\global-welcome.lang
2017-06-13 15:56:06,493 [main] ERROR stencyl.sw.loc.LanguagePack - Missing language file: lang\en\global-dashboard.lang
2017-06-13 15:56:06,493 [main] ERROR stencyl.sw.loc.LanguagePack - Missing language file: lang\en\global-publish.lang
2017-06-13 15:56:06,509 [main] ERROR stencyl.sw.loc.LanguagePack - Missing language file: lang\en\global-updater.lang
2017-06-13 15:56:06,509 [main] ERROR stencyl.sw.loc.LanguagePack - Missing language file: lang\en\global-chat.lang
2017-06-13 15:56:06,509 [main] ERROR stencyl.sw.loc.LanguagePack - Missing language file: lang\en\global-misc.lang
2017-06-13 15:56:06,509 [main] ERROR stencyl.sw.loc.LanguagePack - Missing language file: lang\en\global-forge.lang
2017-06-13 15:56:06,509 [main] ERROR stencyl.sw.loc.LanguagePack - Missing language file: lang\en\global-prefs.lang
2017-06-13 15:56:06,509 [main] ERROR stencyl.sw.loc.LanguagePack - Missing language file: lang\en\global-creategame.lang
2017-06-13 15:56:06,509 [main] ERROR stencyl.sw.loc.LanguagePack - Missing language file: lang\en\behavior-main.lang
2017-06-13 15:56:06,509 [main] ERROR stencyl.sw.loc.LanguagePack - Missing language file: lang\en\behavior-blocks.lang
2017-06-13 15:56:06,509 [main] ERROR stencyl.sw.loc.LanguagePack - Missing language file: lang\en\behavior-blockhelp.lang
2017-06-13 15:56:06,509 [main] ERROR stencyl.sw.loc.LanguagePack - Missing language file: lang\en\behavior-events.lang
2017-06-13 15:56:06,509 [main] ERROR stencyl.sw.loc.LanguagePack - Missing language file: lang\en\behavior-code.lang
2017-06-13 15:56:06,509 [main] ERROR stencyl.sw.loc.LanguagePack - Missing language file: lang\en\behavior-attributes.lang
2017-06-13 15:56:06,509 [main] ERROR stencyl.sw.loc.LanguagePack - Missing language file: lang\en\behavior-create.lang
2017-06-13 15:56:06,509 [main] ERROR stencyl.sw.loc.LanguagePack - Missing language file: lang\en\behavior-byob.lang
2017-06-13 15:56:06,509 [main] ERROR stencyl.sw.loc.LanguagePack - Missing language file: lang\en\editor-actor-main.lang
2017-06-13 15:56:06,509 [main] ERROR stencyl.sw.loc.LanguagePack - Missing language file: lang\en\editor-actor-physics.lang
2017-06-13 15:56:06,509 [main] ERROR stencyl.sw.loc.LanguagePack - Missing language file: lang\en\editor-background.lang
2017-06-13 15:56:06,509 [main] ERROR stencyl.sw.loc.LanguagePack - Missing language file: lang\en\editor-behaviorchooser.lang
2017-06-13 15:56:06,509 [main] ERROR stencyl.sw.loc.LanguagePack - Missing language file: lang\en\editor-desktop.lang
2017-06-13 15:56:06,509 [main] ERROR stencyl.sw.loc.LanguagePack - Missing language file: lang\en\editor-font.lang
2017-06-13 15:56:06,509 [main] ERROR stencyl.sw.loc.LanguagePack - Missing language file: lang\en\editor-sound.lang
2017-06-13 15:56:06,509 [main] ERROR stencyl.sw.loc.LanguagePack - Missing language file: lang\en\editor-tileset.lang
2017-06-13 15:56:06,509 [main] ERROR stencyl.sw.loc.LanguagePack - Missing language file: lang\en\editor-preloader.lang
2017-06-13 15:56:06,509 [main] ERROR stencyl.sw.loc.LanguagePack - Missing language file: lang\en\editor-mobile.lang
2017-06-13 15:56:06,509 [main] ERROR stencyl.sw.loc.LanguagePack - Missing language file: lang\en\editor-groups.lang
2017-06-13 15:56:06,509 [main] ERROR stencyl.sw.loc.LanguagePack - Missing language file: lang\en\editor-attributes.lang
2017-06-13 15:56:06,509 [main] ERROR stencyl.sw.loc.LanguagePack - Missing language file: lang\en\editor-input.lang
2017-06-13 15:56:06,509 [main] ERROR stencyl.sw.loc.LanguagePack - Missing language file: lang\en\editor-animation.lang
2017-06-13 15:56:06,509 [main] ERROR stencyl.sw.loc.LanguagePack - Missing language file: lang\en\editor-scene-main.lang
2017-06-13 15:56:06,509 [main] ERROR stencyl.sw.loc.LanguagePack - Missing language file: lang\en\editor-scene-create.lang
2017-06-13 15:56:06,509 [main] ERROR stencyl.sw.loc.LanguagePack - Missing language file: lang\en\editor-scene-tools.lang
2017-06-13 15:56:06,509 [main] ERROR stencyl.sw.loc.LanguagePack - Missing language file: lang\en\global-phrases.lang
2017-06-13 15:56:06,509 [main] ERROR stencyl.sw.loc.LanguagePack - Missing language file: lang\en\global-errors.lang
2017-06-13 15:56:06,509 [main] ERROR stencyl.sw.loc.LanguagePack - Missing language file: lang\en\global-menu.lang
2017-06-13 15:56:06,509 [main] ERROR stencyl.sw.loc.LanguagePack - Missing language file: lang\en\global-welcome.lang
2017-06-13 15:56:06,509 [main] ERROR stencyl.sw.loc.LanguagePack - Missing language file: lang\en\global-dashboard.lang
2017-06-13 15:56:06,509 [main] ERROR stencyl.sw.loc.LanguagePack - Missing language file: lang\en\global-publish.lang
2017-06-13 15:56:06,509 [main] ERROR stencyl.sw.loc.LanguagePack - Missing language file: lang\en\global-updater.lang
2017-06-13 15:56:06,509 [main] ERROR stencyl.sw.loc.LanguagePack - Missing language file: lang\en\global-chat.lang
2017-06-13 15:56:06,509 [main] ERROR stencyl.sw.loc.LanguagePack - Missing language file: lang\en\global-misc.lang
2017-06-13 15:56:06,509 [main] ERROR stencyl.sw.loc.LanguagePack - Missing language file: lang\en\global-forge.lang
2017-06-13 15:56:06,509 [main] ERROR stencyl.sw.loc.LanguagePack - Missing language file: lang\en\global-prefs.lang
2017-06-13 15:56:06,509 [main] ERROR stencyl.sw.loc.LanguagePack - Missing language file: lang\en\global-creategame.lang
2017-06-13 15:56:06,509 [main] ERROR stencyl.sw.loc.LanguagePack - Missing language file: lang\en\behavior-main.lang
2017-06-13 15:56:06,509 [main] ERROR stencyl.sw.loc.LanguagePack - Missing language file: lang\en\behavior-blocks.lang
2017-06-13 15:56:06,509 [main] ERROR stencyl.sw.loc.LanguagePack - Missing language file: lang\en\behavior-blockhelp.lang
2017-06-13 15:56:06,509 [main] ERROR stencyl.sw.loc.LanguagePack - Missing language file: lang\en\behavior-events.lang
2017-06-13 15:56:06,509 [main] ERROR stencyl.sw.loc.LanguagePack - Missing language file: lang\en\behavior-code.lang
2017-06-13 15:56:06,509 [main] ERROR stencyl.sw.loc.LanguagePack - Missing language file: lang\en\behavior-attributes.lang
2017-06-13 15:56:06,509 [main] ERROR stencyl.sw.loc.LanguagePack - Missing language file: lang\en\behavior-create.lang
2017-06-13 15:56:06,509 [main] ERROR stencyl.sw.loc.LanguagePack - Missing language file: lang\en\behavior-byob.lang
2017-06-13 15:56:06,509 [main] ERROR stencyl.sw.loc.LanguagePack - Missing language file: lang\en\editor-actor-main.lang
2017-06-13 15:56:06,509 [main] ERROR stencyl.sw.loc.LanguagePack - Missing language file: lang\en\editor-actor-physics.lang
2017-06-13 15:56:06,509 [main] ERROR stencyl.sw.loc.LanguagePack - Missing language file: lang\en\editor-background.lang
2017-06-13 15:56:06,509 [main] ERROR stencyl.sw.loc.LanguagePack - Missing language file: lang\en\editor-behaviorchooser.lang
2017-06-13 15:56:06,509 [main] ERROR stencyl.sw.loc.LanguagePack - Missing language file: lang\en\editor-desktop.lang
2017-06-13 15:56:06,509 [main] ERROR stencyl.sw.loc.LanguagePack - Missing language file: lang\en\editor-font.lang
2017-06-13 15:56:06,509 [main] ERROR stencyl.sw.loc.LanguagePack - Missing language file: lang\en\editor-sound.lang
2017-06-13 15:56:06,509 [main] ERROR stencyl.sw.loc.LanguagePack - Missing language file: lang\en\editor-tileset.lang
2017-06-13 15:56:06,509 [main] ERROR stencyl.sw.loc.LanguagePack - Missing language file: lang\en\editor-preloader.lang
2017-06-13 15:56:06,509 [main] ERROR stencyl.sw.loc.LanguagePack - Missing language file: lang\en\editor-mobile.lang
2017-06-13 15:56:06,509 [main] ERROR stencyl.sw.loc.LanguagePack - Missing language file: lang\en\editor-groups.lang
2017-06-13 15:56:06,509 [main] ERROR stencyl.sw.loc.LanguagePack - Missing language file: lang\en\editor-attributes.lang
2017-06-13 15:56:06,509 [main] ERROR stencyl.sw.loc.LanguagePack - Missing language file: lang\en\editor-input.lang
2017-06-13 15:56:06,509 [main] ERROR stencyl.sw.loc.LanguagePack - Missing language file: lang\en\editor-animation.lang
2017-06-13 15:56:06,509 [main] ERROR stencyl.sw.loc.LanguagePack - Missing language file: lang\en\editor-scene-main.lang
2017-06-13 15:56:06,509 [main] ERROR stencyl.sw.loc.LanguagePack - Missing language file: lang\en\editor-scene-create.lang
2017-06-13 15:56:06,509 [main] ERROR stencyl.sw.loc.LanguagePack - Missing language file: lang\en\editor-scene-tools.lang
2017-06-13 15:56:06,665 [AWT-EventQueue-0] ERROR stencyl.sw.SW - Could not parse build number: Unknown
2017-06-13 15:56:07,118 [AWT-EventQueue-0] ERROR root - Unexpected problem on thread AWT-EventQueue-0: null
java.lang.NullPointerException
	at stencyl.sw.ext.ExtensionDependencyManager.load(ExtensionDependencyManager.java:43)
	at stencyl.sw.SW.initExtensions(SW.java:827)
	at stencyl.sw.SW.showWindow(SW.java:696)
	at stencyl.sw.SW.access$100(SW.java:145)
	at stencyl.sw.SW$1.run(SW.java:242)
	at java.awt.event.InvocationEvent.dispatch(InvocationEvent.java:311)
	at java.awt.EventQueue.dispatchEventImpl(EventQueue.java:756)
	at java.awt.EventQueue.access$500(EventQueue.java:97)
	at java.awt.EventQueue$3.run(EventQueue.java:709)
	at java.awt.EventQueue$3.run(EventQueue.java:703)
	at java.security.AccessController.doPrivileged(Native Method)
	at java.security.ProtectionDomain$JavaSecurityAccessImpl.doIntersectionPrivilege(ProtectionDomain.java:76)
	at java.awt.EventQueue.dispatchEvent(EventQueue.java:726)
	at java.awt.EventDispatchThread.pumpOneEventForFilters(EventDispatchThread.java:201)
	at java.awt.EventDispatchThread.pumpEventsForFilter(EventDispatchThread.java:116)
	at java.awt.EventDispatchThread.pumpEventsForHierarchy(EventDispatchThread.java:105)
	at java.awt.EventDispatchThread.pumpEvents(EventDispatchThread.java:101)
	at java.awt.EventDispatchThread.pumpEvents(EventDispatchThread.java:93)
	at java.awt.EventDispatchThread.run(EventDispatchThread.java:82)
2017-06-13 15:56:11,043 [main] ERROR stencyl.sw.Session - File 'plaf\version.txt' does not exist
java.io.FileNotFoundException: File 'plaf\version.txt' does not exist
	at org.apache.commons.io.FileUtils.openInputStream(FileUtils.java:299)
	at org.apache.commons.io.FileUtils.readFileToString(FileUtils.java:1711)
	at org.apache.commons.io.FileUtils.readFileToString(FileUtils.java:1748)
	at stencyl.sw.Session.initVersionNumbers(Session.java:436)
	at stencyl.sw.Session.init(Session.java:342)
	at stencyl.sw.Session.instance(Session.java:223)
	at stencyl.sw.util.Locations.getLanguageRoot(Locations.java:616)
	at stencyl.sw.loc.LanguagePack.<init>(LanguagePack.java:116)
	at stencyl.sw.loc.LanguagePack.get(LanguagePack.java:83)
	at stencyl.sw.SW.<clinit>(SW.java:153)
	at stencyl.sw.Launcher.main(Launcher.java:95)
2017-06-13 15:56:11,043 [main] ERROR stencyl.sw.Session - File 'plaf\builddate.txt' does not exist
java.io.FileNotFoundException: File 'plaf\builddate.txt' does not exist
	at org.apache.commons.io.FileUtils.openInputStream(FileUtils.java:299)
	at org.apache.commons.io.FileUtils.readFileToString(FileUtils.java:1711)
	at org.apache.commons.io.FileUtils.readFileToString(FileUtils.java:1748)
	at stencyl.sw.Session.initVersionNumbers(Session.java:447)
	at stencyl.sw.Session.init(Session.java:342)
	at stencyl.sw.Session.instance(Session.java:223)
	at stencyl.sw.util.Locations.getLanguageRoot(Locations.java:616)
	at stencyl.sw.loc.LanguagePack.<init>(LanguagePack.java:116)
	at stencyl.sw.loc.LanguagePack.get(LanguagePack.java:83)
	at stencyl.sw.SW.<clinit>(SW.java:153)
	at stencyl.sw.Launcher.main(Launcher.java:95)
2017-06-13 15:56:11,090 [main] ERROR stencyl.sw.loc.LanguagePack - Missing language file: lang\en\global-phrases.lang
2017-06-13 15:56:11,090 [main] ERROR stencyl.sw.loc.LanguagePack - Missing language file: lang\en\global-errors.lang
2017-06-13 15:56:11,090 [main] ERROR stencyl.sw.loc.LanguagePack - Missing language file: lang\en\global-menu.lang
2017-06-13 15:56:11,090 [main] ERROR stencyl.sw.loc.LanguagePack - Missing language file: lang\en\global-welcome.lang
2017-06-13 15:56:11,090 [main] ERROR stencyl.sw.loc.LanguagePack - Missing language file: lang\en\global-dashboard.lang
2017-06-13 15:56:11,090 [main] ERROR stencyl.sw.loc.LanguagePack - Missing language file: lang\en\global-publish.lang
2017-06-13 15:56:11,090 [main] ERROR stencyl.sw.loc.LanguagePack - Missing language file: lang\en\global-updater.lang
2017-06-13 15:56:11,090 [main] ERROR stencyl.sw.loc.LanguagePack - Missing language file: lang\en\global-chat.lang
2017-06-13 15:56:11,090 [main] ERROR stencyl.sw.loc.LanguagePack - Missing language file: lang\en\global-misc.lang
2017-06-13 15:56:11,090 [main] ERROR stencyl.sw.loc.LanguagePack - Missing language file: lang\en\global-forge.lang
2017-06-13 15:56:11,090 [main] ERROR stencyl.sw.loc.LanguagePack - Missing language file: lang\en\global-prefs.lang
2017-06-13 15:56:11,090 [main] ERROR stencyl.sw.loc.LanguagePack - Missing language file: lang\en\global-creategame.lang
2017-06-13 15:56:11,090 [main] ERROR stencyl.sw.loc.LanguagePack - Missing language file: lang\en\behavior-main.lang
2017-06-13 15:56:11,090 [main] ERROR stencyl.sw.loc.LanguagePack - Missing language file: lang\en\behavior-blocks.lang
2017-06-13 15:56:11,090 [main] ERROR stencyl.sw.loc.LanguagePack - Missing language file: lang\en\behavior-blockhelp.lang
2017-06-13 15:56:11,090 [main] ERROR stencyl.sw.loc.LanguagePack - Missing language file: lang\en\behavior-events.lang
2017-06-13 15:56:11,090 [main] ERROR stencyl.sw.loc.LanguagePack - Missing language file: lang\en\behavior-code.lang
2017-06-13 15:56:11,090 [main] ERROR stencyl.sw.loc.LanguagePack - Missing language file: lang\en\behavior-attributes.lang
2017-06-13 15:56:11,090 [main] ERROR stencyl.sw.loc.LanguagePack - Missing language file: lang\en\behavior-create.lang
2017-06-13 15:56:11,090 [main] ERROR stencyl.sw.loc.LanguagePack - Missing language file: lang\en\behavior-byob.lang
2017-06-13 15:56:11,090 [main] ERROR stencyl.sw.loc.LanguagePack - Missing language file: lang\en\editor-actor-main.lang
2017-06-13 15:56:11,090 [main] ERROR stencyl.sw.loc.LanguagePack - Missing language file: lang\en\editor-actor-physics.lang
2017-06-13 15:56:11,090 [main] ERROR stencyl.sw.loc.LanguagePack - Missing language file: lang\en\editor-background.lang
2017-06-13 15:56:11,090 [main] ERROR stencyl.sw.loc.LanguagePack - Missing language file: lang\en\editor-behaviorchooser.lang
2017-06-13 15:56:11,090 [main] ERROR stencyl.sw.loc.LanguagePack - Missing language file: lang\en\editor-desktop.lang
2017-06-13 15:56:11,090 [main] ERROR stencyl.sw.loc.LanguagePack - Missing language file: lang\en\editor-font.lang
2017-06-13 15:56:11,090 [main] ERROR stencyl.sw.loc.LanguagePack - Missing language file: lang\en\editor-sound.lang
2017-06-13 15:56:11,090 [main] ERROR stencyl.sw.loc.LanguagePack - Missing language file: lang\en\editor-tileset.lang
2017-06-13 15:56:11,090 [main] ERROR stencyl.sw.loc.LanguagePack - Missing language file: lang\en\editor-preloader.lang
2017-06-13 15:56:11,090 [main] ERROR stencyl.sw.loc.LanguagePack - Missing language file: lang\en\editor-mobile.lang
2017-06-13 15:56:11,090 [main] ERROR stencyl.sw.loc.LanguagePack - Missing language file: lang\en\editor-groups.lang
2017-06-13 15:56:11,090 [main] ERROR stencyl.sw.loc.LanguagePack - Missing language file: lang\en\editor-attributes.lang
2017-06-13 15:56:11,090 [main] ERROR stencyl.sw.loc.LanguagePack - Missing language file: lang\en\editor-input.lang
2017-06-13 15:56:11,090 [main] ERROR stencyl.sw.loc.LanguagePack - Missing language file: lang\en\editor-animation.lang
2017-06-13 15:56:11,090 [main] ERROR stencyl.sw.loc.LanguagePack - Missing language file: lang\en\editor-scene-main.lang
2017-06-13 15:56:11,090 [main] ERROR stencyl.sw.loc.LanguagePack - Missing language file: lang\en\editor-scene-create.lang
2017-06-13 15:56:11,090 [main] ERROR stencyl.sw.loc.LanguagePack - Missing language file: lang\en\editor-scene-tools.lang
2017-06-13 15:56:11,090 [main] ERROR stencyl.sw.loc.LanguagePack - Missing language file: lang\en\global-phrases.lang
2017-06-13 15:56:11,090 [main] ERROR stencyl.sw.loc.LanguagePack - Missing language file: lang\en\global-errors.lang
2017-06-13 15:56:11,090 [main] ERROR stencyl.sw.loc.LanguagePack - Missing language file: lang\en\global-menu.lang
2017-06-13 15:56:11,090 [main] ERROR stencyl.sw.loc.LanguagePack - Missing language file: lang\en\global-welcome.lang
2017-06-13 15:56:11,090 [main] ERROR stencyl.sw.loc.LanguagePack - Missing language file: lang\en\global-dashboard.lang
2017-06-13 15:56:11,090 [main] ERROR stencyl.sw.loc.LanguagePack - Missing language file: lang\en\global-publish.lang
2017-06-13 15:56:11,090 [main] ERROR stencyl.sw.loc.LanguagePack - Missing language file: lang\en\global-updater.lang
2017-06-13 15:56:11,090 [main] ERROR stencyl.sw.loc.LanguagePack - Missing language file: lang\en\global-chat.lang
2017-06-13 15:56:11,090 [main] ERROR stencyl.sw.loc.LanguagePack - Missing language file: lang\en\global-misc.lang
2017-06-13 15:56:11,090 [main] ERROR stencyl.sw.loc.LanguagePack - Missing language file: lang\en\global-forge.lang
2017-06-13 15:56:11,090 [main] ERROR stencyl.sw.loc.LanguagePack - Missing language file: lang\en\global-prefs.lang
2017-06-13 15:56:11,090 [main] ERROR stencyl.sw.loc.LanguagePack - Missing language file: lang\en\global-creategame.lang
2017-06-13 15:56:11,090 [main] ERROR stencyl.sw.loc.LanguagePack - Missing language file: lang\en\behavior-main.lang
2017-06-13 15:56:11,090 [main] ERROR stencyl.sw.loc.LanguagePack - Missing language file: lang\en\behavior-blocks.lang
2017-06-13 15:56:11,090 [main] ERROR stencyl.sw.loc.LanguagePack - Missing language file: lang\en\behavior-blockhelp.lang
2017-06-13 15:56:11,090 [main] ERROR stencyl.sw.loc.LanguagePack - Missing language file: lang\en\behavior-events.lang
2017-06-13 15:56:11,090 [main] ERROR stencyl.sw.loc.LanguagePack - Missing language file: lang\en\behavior-code.lang
2017-06-13 15:56:11,090 [main] ERROR stencyl.sw.loc.LanguagePack - Missing language file: lang\en\behavior-attributes.lang
2017-06-13 15:56:11,090 [main] ERROR stencyl.sw.loc.LanguagePack - Missing language file: lang\en\behavior-create.lang
2017-06-13 15:56:11,090 [main] ERROR stencyl.sw.loc.LanguagePack - Missing language file: lang\en\behavior-byob.lang
2017-06-13 15:56:11,090 [main] ERROR stencyl.sw.loc.LanguagePack - Missing language file: lang\en\editor-actor-main.lang
2017-06-13 15:56:11,090 [main] ERROR stencyl.sw.loc.LanguagePack - Missing language file: lang\en\editor-actor-physics.lang
2017-06-13 15:56:11,090 [main] ERROR stencyl.sw.loc.LanguagePack - Missing language file: lang\en\editor-background.lang
2017-06-13 15:56:11,090 [main] ERROR stencyl.sw.loc.LanguagePack - Missing language file: lang\en\editor-behaviorchooser.lang
2017-06-13 15:56:11,090 [main] ERROR stencyl.sw.loc.LanguagePack - Missing language file: lang\en\editor-desktop.lang
2017-06-13 15:56:11,090 [main] ERROR stencyl.sw.loc.LanguagePack - Missing language file: lang\en\editor-font.lang
2017-06-13 15:56:11,090 [main] ERROR stencyl.sw.loc.LanguagePack - Missing language file: lang\en\editor-sound.lang
2017-06-13 15:56:11,090 [main] ERROR stencyl.sw.loc.LanguagePack - Missing language file: lang\en\editor-tileset.lang
2017-06-13 15:56:11,090 [main] ERROR stencyl.sw.loc.LanguagePack - Missing language file: lang\en\editor-preloader.lang
2017-06-13 15:56:11,090 [main] ERROR stencyl.sw.loc.LanguagePack - Missing language file: lang\en\editor-mobile.lang
2017-06-13 15:56:11,090 [main] ERROR stencyl.sw.loc.LanguagePack - Missing language file: lang\en\editor-groups.lang
2017-06-13 15:56:11,090 [main] ERROR stencyl.sw.loc.LanguagePack - Missing language file: lang\en\editor-attributes.lang
2017-06-13 15:56:11,106 [main] ERROR stencyl.sw.loc.LanguagePack - Missing language file: lang\en\editor-input.lang
2017-06-13 15:56:11,106 [main] ERROR stencyl.sw.loc.LanguagePack - Missing language file: lang\en\editor-animation.lang
2017-06-13 15:56:11,106 [main] ERROR stencyl.sw.loc.LanguagePack - Missing language file: lang\en\editor-scene-main.lang
2017-06-13 15:56:11,106 [main] ERROR stencyl.sw.loc.LanguagePack - Missing language file: lang\en\editor-scene-create.lang
2017-06-13 15:56:11,106 [main] ERROR stencyl.sw.loc.LanguagePack - Missing language file: lang\en\editor-scene-tools.lang
2017-06-13 15:56:11,231 [AWT-EventQueue-0] ERROR stencyl.sw.SW - Could not parse build number: Unknown
2017-06-13 15:56:11,684 [AWT-EventQueue-0] ERROR root - Unexpected problem on thread AWT-EventQueue-0: null
java.lang.NullPointerException
	at stencyl.sw.ext.ExtensionDependencyManager.load(ExtensionDependencyManager.java:43)
	at stencyl.sw.SW.initExtensions(SW.java:827)
	at stencyl.sw.SW.showWindow(SW.java:696)
	at stencyl.sw.SW.access$100(SW.java:145)
	at stencyl.sw.SW$1.run(SW.java:242)
	at java.awt.event.InvocationEvent.dispatch(InvocationEvent.java:311)
	at java.awt.EventQueue.dispatchEventImpl(EventQueue.java:756)
	at java.awt.EventQueue.access$500(EventQueue.java:97)
	at java.awt.EventQueue$3.run(EventQueue.java:709)
	at java.awt.EventQueue$3.run(EventQueue.java:703)
	at java.security.AccessController.doPrivileged(Native Method)
	at java.security.ProtectionDomain$JavaSecurityAccessImpl.doIntersectionPrivilege(ProtectionDomain.java:76)
	at java.awt.EventQueue.dispatchEvent(EventQueue.java:726)
	at java.awt.EventDispatchThread.pumpOneEventForFilters(EventDispatchThread.java:201)
	at java.awt.EventDispatchThread.pumpEventsForFilter(EventDispatchThread.java:116)
	at java.awt.EventDispatchThread.pumpEventsForHierarchy(EventDispatchThread.java:105)
	at java.awt.EventDispatchThread.pumpEvents(EventDispatchThread.java:101)
	at java.awt.EventDispatchThread.pumpEvents(EventDispatchThread.java:93)
	at java.awt.EventDispatchThread.run(EventDispatchThread.java:82)
2017-06-13 15:56:14,519 [main] ERROR stencyl.sw.Session - File 'plaf\version.txt' does not exist
java.io.FileNotFoundException: File 'plaf\version.txt' does not exist
	at org.apache.commons.io.FileUtils.openInputStream(FileUtils.java:299)
	at org.apache.commons.io.FileUtils.readFileToString(FileUtils.java:1711)
	at org.apache.commons.io.FileUtils.readFileToString(FileUtils.java:1748)
	at stencyl.sw.Session.initVersionNumbers(Session.java:436)
	at stencyl.sw.Session.init(Session.java:342)
	at stencyl.sw.Session.instance(Session.java:223)
	at stencyl.sw.util.Locations.getLanguageRoot(Locations.java:616)
	at stencyl.sw.loc.LanguagePack.<init>(LanguagePack.java:116)
	at stencyl.sw.loc.LanguagePack.get(LanguagePack.java:83)
	at stencyl.sw.SW.<clinit>(SW.java:153)
	at stencyl.sw.Launcher.main(Launcher.java:95)
2017-06-13 15:56:14,535 [main] ERROR stencyl.sw.Session - File 'plaf\builddate.txt' does not exist
java.io.FileNotFoundException: File 'plaf\builddate.txt' does not exist
	at org.apache.commons.io.FileUtils.openInputStream(FileUtils.java:299)
	at org.apache.commons.io.FileUtils.readFileToString(FileUtils.java:1711)
	at org.apache.commons.io.FileUtils.readFileToString(FileUtils.java:1748)
	at stencyl.sw.Session.initVersionNumbers(Session.java:447)
	at stencyl.sw.Session.init(Session.java:342)
	at stencyl.sw.Session.instance(Session.java:223)
	at stencyl.sw.util.Locations.getLanguageRoot(Locations.java:616)
	at stencyl.sw.loc.LanguagePack.<init>(LanguagePack.java:116)
	at stencyl.sw.loc.LanguagePack.get(LanguagePack.java:83)
	at stencyl.sw.SW.<clinit>(SW.java:153)
	at stencyl.sw.Launcher.main(Launcher.java:95)
2017-06-13 15:56:14,566 [main] ERROR stencyl.sw.loc.LanguagePack - Missing language file: lang\en\global-phrases.lang
2017-06-13 15:56:14,566 [main] ERROR stencyl.sw.loc.LanguagePack - Missing language file: lang\en\global-errors.lang
2017-06-13 15:56:14,566 [main] ERROR stencyl.sw.loc.LanguagePack - Missing language file: lang\en\global-menu.lang
2017-06-13 15:56:14,566 [main] ERROR stencyl.sw.loc.LanguagePack - Missing language file: lang\en\global-welcome.lang
2017-06-13 15:56:14,566 [main] ERROR stencyl.sw.loc.LanguagePack - Missing language file: lang\en\global-dashboard.lang
2017-06-13 15:56:14,566 [main] ERROR stencyl.sw.loc.LanguagePack - Missing language file: lang\en\global-publish.lang
2017-06-13 15:56:14,566 [main] ERROR stencyl.sw.loc.LanguagePack - Missing language file: lang\en\global-updater.lang
2017-06-13 15:56:14,566 [main] ERROR stencyl.sw.loc.LanguagePack - Missing language file: lang\en\global-chat.lang
2017-06-13 15:56:14,566 [main] ERROR stencyl.sw.loc.LanguagePack - Missing language file: lang\en\global-misc.lang
2017-06-13 15:56:14,566 [main] ERROR stencyl.sw.loc.LanguagePack - Missing language file: lang\en\global-forge.lang
2017-06-13 15:56:14,566 [main] ERROR stencyl.sw.loc.LanguagePack - Missing language file: lang\en\global-prefs.lang
2017-06-13 15:56:14,566 [main] ERROR stencyl.sw.loc.LanguagePack - Missing language file: lang\en\global-creategame.lang
2017-06-13 15:56:14,566 [main] ERROR stencyl.sw.loc.LanguagePack - Missing language file: lang\en\behavior-main.lang
2017-06-13 15:56:14,566 [main] ERROR stencyl.sw.loc.LanguagePack - Missing language file: lang\en\behavior-blocks.lang
2017-06-13 15:56:14,566 [main] ERROR stencyl.sw.loc.LanguagePack - Missing language file: lang\en\behavior-blockhelp.lang
2017-06-13 15:56:14,566 [main] ERROR stencyl.sw.loc.LanguagePack - Missing language file: lang\en\behavior-events.lang
2017-06-13 15:56:14,566 [main] ERROR stencyl.sw.loc.LanguagePack - Missing language file: lang\en\behavior-code.lang
2017-06-13 15:56:14,566 [main] ERROR stencyl.sw.loc.LanguagePack - Missing language file: lang\en\behavior-attributes.lang
2017-06-13 15:56:14,566 [main] ERROR stencyl.sw.loc.LanguagePack - Missing language file: lang\en\behavior-create.lang
2017-06-13 15:56:14,582 [main] ERROR stencyl.sw.loc.LanguagePack - Missing language file: lang\en\behavior-byob.lang
2017-06-13 15:56:14,582 [main] ERROR stencyl.sw.loc.LanguagePack - Missing language file: lang\en\editor-actor-main.lang
2017-06-13 15:56:14,582 [main] ERROR stencyl.sw.loc.LanguagePack - Missing language file: lang\en\editor-actor-physics.lang
2017-06-13 15:56:14,582 [main] ERROR stencyl.sw.loc.LanguagePack - Missing language file: lang\en\editor-background.lang
2017-06-13 15:56:14,582 [main] ERROR stencyl.sw.loc.LanguagePack - Missing language file: lang\en\editor-behaviorchooser.lang
2017-06-13 15:56:14,582 [main] ERROR stencyl.sw.loc.LanguagePack - Missing language file: lang\en\editor-desktop.lang
2017-06-13 15:56:14,582 [main] ERROR stencyl.sw.loc.LanguagePack - Missing language file: lang\en\editor-font.lang
2017-06-13 15:56:14,582 [main] ERROR stencyl.sw.loc.LanguagePack - Missing language file: lang\en\editor-sound.lang
2017-06-13 15:56:14,582 [main] ERROR stencyl.sw.loc.LanguagePack - Missing language file: lang\en\editor-tileset.lang
2017-06-13 15:56:14,582 [main] ERROR stencyl.sw.loc.LanguagePack - Missing language file: lang\en\editor-preloader.lang
2017-06-13 15:56:14,582 [main] ERROR stencyl.sw.loc.LanguagePack - Missing language file: lang\en\editor-mobile.lang
2017-06-13 15:56:14,582 [main] ERROR stencyl.sw.loc.LanguagePack - Missing language file: lang\en\editor-groups.lang
2017-06-13 15:56:14,582 [main] ERROR stencyl.sw.loc.LanguagePack - Missing language file: lang\en\editor-attributes.lang
2017-06-13 15:56:14,582 [main] ERROR stencyl.sw.loc.LanguagePack - Missing language file: lang\en\editor-input.lang
2017-06-13 15:56:14,582 [main] ERROR stencyl.sw.loc.LanguagePack - Missing language file: lang\en\editor-animation.lang
2017-06-13 15:56:14,582 [main] ERROR stencyl.sw.loc.LanguagePack - Missing language file: lang\en\editor-scene-main.lang
2017-06-13 15:56:14,582 [main] ERROR stencyl.sw.loc.LanguagePack - Missing language file: lang\en\editor-scene-create.lang
2017-06-13 15:56:14,582 [main] ERROR stencyl.sw.loc.LanguagePack - Missing language file: lang\en\editor-scene-tools.lang
2017-06-13 15:56:14,582 [main] ERROR stencyl.sw.loc.LanguagePack - Missing language file: lang\en\global-phrases.lang
2017-06-13 15:56:14,582 [main] ERROR stencyl.sw.loc.LanguagePack - Missing language file: lang\en\global-errors.lang
2017-06-13 15:56:14,582 [main] ERROR stencyl.sw.loc.LanguagePack - Missing language file: lang\en\global-menu.lang
2017-06-13 15:56:14,582 [main] ERROR stencyl.sw.loc.LanguagePack - Missing language file: lang\en\global-welcome.lang
2017-06-13 15:56:14,582 [main] ERROR stencyl.sw.loc.LanguagePack - Missing language file: lang\en\global-dashboard.lang
2017-06-13 15:56:14,582 [main] ERROR stencyl.sw.loc.LanguagePack - Missing language file: lang\en\global-publish.lang
2017-06-13 15:56:14,582 [main] ERROR stencyl.sw.loc.LanguagePack - Missing language file: lang\en\global-updater.lang
2017-06-13 15:56:14,582 [main] ERROR stencyl.sw.loc.LanguagePack - Missing language file: lang\en\global-chat.lang
2017-06-13 15:56:14,582 [main] ERROR stencyl.sw.loc.LanguagePack - Missing language file: lang\en\global-misc.lang
2017-06-13 15:56:14,582 [main] ERROR stencyl.sw.loc.LanguagePack - Missing language file: lang\en\global-forge.lang
2017-06-13 15:56:14,582 [main] ERROR stencyl.sw.loc.LanguagePack - Missing language file: lang\en\global-prefs.lang
2017-06-13 15:56:14,582 [main] ERROR stencyl.sw.loc.LanguagePack - Missing language file: lang\en\global-creategame.lang
2017-06-13 15:56:14,582 [main] ERROR stencyl.sw.loc.LanguagePack - Missing language file: lang\en\behavior-main.lang
2017-06-13 15:56:14,582 [main] ERROR stencyl.sw.loc.LanguagePack - Missing language file: lang\en\behavior-blocks.lang
2017-06-13 15:56:14,582 [main] ERROR stencyl.sw.loc.LanguagePack - Missing language file: lang\en\behavior-blockhelp.lang
2017-06-13 15:56:14,582 [main] ERROR stencyl.sw.loc.LanguagePack - Missing language file: lang\en\behavior-events.lang
2017-06-13 15:56:14,582 [main] ERROR stencyl.sw.loc.LanguagePack - Missing language file: lang\en\behavior-code.lang
2017-06-13 15:56:14,582 [main] ERROR stencyl.sw.loc.LanguagePack - Missing language file: lang\en\behavior-attributes.lang
2017-06-13 15:56:14,582 [main] ERROR stencyl.sw.loc.LanguagePack - Missing language file: lang\en\behavior-create.lang
2017-06-13 15:56:14,582 [main] ERROR stencyl.sw.loc.LanguagePack - Missing language file: lang\en\behavior-byob.lang
2017-06-13 15:56:14,582 [main] ERROR stencyl.sw.loc.LanguagePack - Missing language file: lang\en\editor-actor-main.lang
2017-06-13 15:56:14,582 [main] ERROR stencyl.sw.loc.LanguagePack - Missing language file: lang\en\editor-actor-physics.lang
2017-06-13 15:56:14,582 [main] ERROR stencyl.sw.loc.LanguagePack - Missing language file: lang\en\editor-background.lang
2017-06-13 15:56:14,582 [main] ERROR stencyl.sw.loc.LanguagePack - Missing language file: lang\en\editor-behaviorchooser.lang
2017-06-13 15:56:14,582 [main] ERROR stencyl.sw.loc.LanguagePack - Missing language file: lang\en\editor-desktop.lang
2017-06-13 15:56:14,582 [main] ERROR stencyl.sw.loc.LanguagePack - Missing language file: lang\en\editor-font.lang
2017-06-13 15:56:14,582 [main] ERROR stencyl.sw.loc.LanguagePack - Missing language file: lang\en\editor-sound.lang
2017-06-13 15:56:14,582 [main] ERROR stencyl.sw.loc.LanguagePack - Missing language file: lang\en\editor-tileset.lang
2017-06-13 15:56:14,582 [main] ERROR stencyl.sw.loc.LanguagePack - Missing language file: lang\en\editor-preloader.lang
2017-06-13 15:56:14,582 [main] ERROR stencyl.sw.loc.LanguagePack - Missing language file: lang\en\editor-mobile.lang
2017-06-13 15:56:14,582 [main] ERROR stencyl.sw.loc.LanguagePack - Missing language file: lang\en\editor-groups.lang
2017-06-13 15:56:14,582 [main] ERROR stencyl.sw.loc.LanguagePack - Missing language file: lang\en\editor-attributes.lang
2017-06-13 15:56:14,582 [main] ERROR stencyl.sw.loc.LanguagePack - Missing language file: lang\en\editor-input.lang
2017-06-13 15:56:14,582 [main] ERROR stencyl.sw.loc.LanguagePack - Missing language file: lang\en\editor-animation.lang
2017-06-13 15:56:14,582 [main] ERROR stencyl.sw.loc.LanguagePack - Missing language file: lang\en\editor-scene-main.lang
2017-06-13 15:56:14,582 [main] ERROR stencyl.sw.loc.LanguagePack - Missing language file: lang\en\editor-scene-create.lang
2017-06-13 15:56:14,582 [main] ERROR stencyl.sw.loc.LanguagePack - Missing language file: lang\en\editor-scene-tools.lang
2017-06-13 15:56:14,722 [AWT-EventQueue-0] ERROR stencyl.sw.SW - Could not parse build number: Unknown
2017-06-13 15:56:15,176 [AWT-EventQueue-0] ERROR root - Unexpected problem on thread AWT-EventQueue-0: null
java.lang.NullPointerException
	at stencyl.sw.ext.ExtensionDependencyManager.load(ExtensionDependencyManager.java:43)
	at stencyl.sw.SW.initExtensions(SW.java:827)
	at stencyl.sw.SW.showWindow(SW.java:696)
	at stencyl.sw.SW.access$100(SW.java:145)
	at stencyl.sw.SW$1.run(SW.java:242)
	at java.awt.event.InvocationEvent.dispatch(InvocationEvent.java:311)
	at java.awt.EventQueue.dispatchEventImpl(EventQueue.java:756)
	at java.awt.EventQueue.access$500(EventQueue.java:97)
	at java.awt.EventQueue$3.run(EventQueue.java:709)
	at java.awt.EventQueue$3.run(EventQueue.java:703)
	at java.security.AccessController.doPrivileged(Native Method)
	at java.security.ProtectionDomain$JavaSecurityAccessImpl.doIntersectionPrivilege(ProtectionDomain.java:76)
	at java.awt.EventQueue.dispatchEvent(EventQueue.java:726)
	at java.awt.EventDispatchThread.pumpOneEventForFilters(EventDispatchThread.java:201)
	at java.awt.EventDispatchThread.pumpEventsForFilter(EventDispatchThread.java:116)
	at java.awt.EventDispatchThread.pumpEventsForHierarchy(EventDispatchThread.java:105)
	at java.awt.EventDispatchThread.pumpEvents(EventDispatchThread.java:101)
	at java.awt.EventDispatchThread.pumpEvents(EventDispatchThread.java:93)
	at java.awt.EventDispatchThread.run(EventDispatchThread.java:82)
